Arguments: 
  C:\Program Files\nodejs\node.exe C:\Users\masx200\AppData\Roaming\npm\node_modules\yarn\bin\yarn.js publish

PATH: 
  D:\Documents\GitHub\markdown-reader\node_modules\.bin;D:\Documents\GitHub\node_modules\.bin;D:\Documents\node_modules\.bin;D:\node_modules\.bin;C:\Users\masx200\AppData\Roaming\npm\node_modules\npm\node_modules\@npmcli\run-script\lib\node-gyp-bin;C:\Program Files (x86)\Intel\Intel(R) Management Engine Components\iCLS\;C:\Program Files\Intel\Intel(R) Management Engine Components\iCLS\;C:\WINDOWS\system32;C:\WINDOWS;C:\WINDOWS\System32\Wbem;C:\WINDOWS\System32\WindowsPowerShell\v1.0\;C:\WINDOWS\System32\OpenSSH\;C:\Program Files (x86)\Intel\Intel(R) Management Engine Components\DAL;C:\Program Files\Intel\Intel(R) Management Engine Components\DAL;C:\Program Files (x86)\Intel\Intel(R) Management Engine Components\IPT;C:\Program Files\Intel\Intel(R) Management Engine Components\IPT;D:\迅雷下载\iperf-3.1.3-win64;C:\;C:\Program Files\Git\cmd;C:\Program Files\nodejs;C:\Program Files\nodejs\;C:\Users\masx200\AppData\Local\Programs\Python\Python39\Scripts\;C:\Users\masx200\AppData\Local\Programs\Python\Python39\;C:\Users\masx200\AppData\Local\Microsoft\WindowsApps;D:\迅雷下载\iperf-3.1.3-win64;C:\Users\masx200\AppData\Local\GitHubDesktop\bin;C:\Users\masx200\AppData\Local\Programs\Microsoft VS Code\bin;C:\Program Files\nodejs;C:\Users\masx200\AppData\Roaming\npm;C:\Users\masx200\AppData\Local\Yarn\Data\global\node_modules\.bin;

Yarn version: 
  1.22.10

Node version: 
  16.2.0

Platform: 
  win32 x64

Trace: 
  Error: https://registry.npm.taobao.org/-/user/org.couchdb.user:masx200: [conflict] User masx200 already exists
      at Request.params.callback [as _callback] (C:\Users\masx200\AppData\Roaming\npm\node_modules\yarn\lib\cli.js:66988:18)
      at Request.self.callback (C:\Users\masx200\AppData\Roaming\npm\node_modules\yarn\lib\cli.js:140662:22)
      at Request.emit (node:events:365:28)
      at Request.<anonymous> (C:\Users\masx200\AppData\Roaming\npm\node_modules\yarn\lib\cli.js:141634:10)
      at Request.emit (node:events:365:28)
      at IncomingMessage.<anonymous> (C:\Users\masx200\AppData\Roaming\npm\node_modules\yarn\lib\cli.js:141556:12)
      at Object.onceWrapper (node:events:471:28)
      at IncomingMessage.emit (node:events:377:35)
      at endReadableNT (node:internal/streams/readable:1312:12)
      at processTicksAndRejections (node:internal/process/task_queues:83:21)

npm manifest: 
  {
      "name": "@masx200/markdown-reader",
      "version": "3.0.0",
      "main": "./src/export.js",
      "scripts": {
          "start": "webpack-react-vue-spa-awesome-config start",
          "build": "webpack-react-vue-spa-awesome-config build   ",
          "format": "prettier --write *.html *.js *.css *.md *.json *.vue */*.html */*.js */*.css */*.md */*.json */*.vue"
      },
      "devDependencies": {
          "@masx200/webpack-react-vue-spa-awesome-config": "3.0.5",
          "prettier": "2.3.0",
          "terser": "^5.7.0",
          "terser-webpack-plugin": "^5.1.2",
          "typescript": "^4.2.4",
          "webpack": "^5.37.1"
      },
      "dependencies": {
          "highlight.js": "^10.7.2",
          "jquery": "^3.6.0",
          "vue": "^2.6.12"
      },
      "description": "Lightweight Markdown Documentation System ",
      "directories": {
          "doc": "docs"
      },
      "repository": {
          "type": "git",
          "url": "git+https://github.com/masx200/markdown-reader.git"
      },
      "author": "",
      "license": "ISC",
      "bugs": {
          "url": "https://github.com/masx200/markdown-reader/issues"
      },
      "homepage": "https://github.com/masx200/markdown-reader#readme"
  }

yarn manifest: 
  No manifest

Lockfile: 
  No lockfile
